[src/main.rs:48 2022-11-02T21:47:47][INFO] - Starting Autmc
[src/auth.rs:421 2022-11-02T21:47:47][DEBUG] - Minecraft Token Valid.
[src/auth.rs:387 2022-11-02T21:47:47][INFO] - Added and activated account: Some(
    "c2d376b74b6d49e682acdbd0f2f88407",
)
[src/main.rs:48 2022-11-02T21:48:33][INFO] - Starting Autmc
[src/auth.rs:421 2022-11-02T21:48:33][DEBUG] - Minecraft Token Valid.
[src/auth.rs:387 2022-11-02T21:48:33][INFO] - Added and activated account: Some(
    "c2d376b74b6d49e682acdbd0f2f88407",
)
[src/main.rs:48 2022-11-02T21:49:17][INFO] - Starting Autmc
[src/auth.rs:421 2022-11-02T21:49:17][DEBUG] - Minecraft Token Valid.
[src/auth.rs:387 2022-11-02T21:49:17][INFO] - Added and activated account: Some(
    "c2d376b74b6d49e682acdbd0f2f88407",
)
[src/main.rs:29 2022-11-02T21:49:26][INFO] - Closing
[src/main.rs:48 2022-11-02T22:00:57][INFO] - Starting Autmc
[src/auth.rs:421 2022-11-02T22:00:57][DEBUG] - Minecraft Token Valid.
[src/auth.rs:387 2022-11-02T22:00:57][INFO] - Added and activated account: Some(
    "c2d376b74b6d49e682acdbd0f2f88407",
)
[src/main.rs:48 2022-11-02T22:00:59][INFO] - Starting Autmc
[src/auth.rs:421 2022-11-02T22:00:59][DEBUG] - Minecraft Token Valid.
[src/auth.rs:387 2022-11-02T22:00:59][INFO] - Added and activated account: Some(
    "c2d376b74b6d49e682acdbd0f2f88407",
)
[src/main.rs:48 2022-11-02T22:01:00][INFO] - Starting Autmc
[src/auth.rs:421 2022-11-02T22:01:00][DEBUG] - Minecraft Token Valid.
[src/auth.rs:387 2022-11-02T22:01:00][INFO] - Added and activated account: Some(
    "c2d376b74b6d49e682acdbd0f2f88407",
)
[src/main.rs:48 2022-11-02T22:01:01][INFO] - Starting Autmc
[src/auth.rs:421 2022-11-02T22:01:01][DEBUG] - Minecraft Token Valid.
[src/auth.rs:387 2022-11-02T22:01:01][INFO] - Added and activated account: Some(
    "c2d376b74b6d49e682acdbd0f2f88407",
)
[src/main.rs:48 2022-11-02T22:01:03][INFO] - Starting Autmc
[src/auth.rs:421 2022-11-02T22:01:03][DEBUG] - Minecraft Token Valid.
[src/auth.rs:387 2022-11-02T22:01:03][INFO] - Added and activated account: Some(
    "c2d376b74b6d49e682acdbd0f2f88407",
)
[src/main.rs:48 2022-11-02T22:01:04][INFO] - Starting Autmc
[src/auth.rs:421 2022-11-02T22:01:04][DEBUG] - Minecraft Token Valid.
[src/auth.rs:387 2022-11-02T22:01:04][INFO] - Added and activated account: Some(
    "c2d376b74b6d49e682acdbd0f2f88407",
)
[src/main.rs:48 2022-11-02T22:01:41][INFO] - Starting Autmc
[src/auth.rs:421 2022-11-02T22:01:41][DEBUG] - Minecraft Token Valid.
[src/auth.rs:387 2022-11-02T22:01:41][INFO] - Added and activated account: Some(
    "c2d376b74b6d49e682acdbd0f2f88407",
)
[src/main.rs:48 2022-11-02T22:01:42][INFO] - Starting Autmc
[src/auth.rs:421 2022-11-02T22:01:42][DEBUG] - Minecraft Token Valid.
[src/auth.rs:387 2022-11-02T22:01:42][INFO] - Added and activated account: Some(
    "c2d376b74b6d49e682acdbd0f2f88407",
)
[src/main.rs:48 2022-11-02T22:01:44][INFO] - Starting Autmc
[src/auth.rs:421 2022-11-02T22:01:44][DEBUG] - Minecraft Token Valid.
[src/auth.rs:387 2022-11-02T22:01:44][INFO] - Added and activated account: Some(
    "c2d376b74b6d49e682acdbd0f2f88407",
)
[src/main.rs:48 2022-11-02T22:02:46][INFO] - Starting Autmc
[src/auth.rs:421 2022-11-02T22:02:46][DEBUG] - Minecraft Token Valid.
[src/auth.rs:387 2022-11-02T22:02:46][INFO] - Added and activated account: Some(
    "c2d376b74b6d49e682acdbd0f2f88407",
)
[src/main.rs:48 2022-11-02T22:02:47][INFO] - Starting Autmc
[src/auth.rs:421 2022-11-02T22:02:47][DEBUG] - Minecraft Token Valid.
[src/auth.rs:387 2022-11-02T22:02:47][INFO] - Added and activated account: Some(
    "c2d376b74b6d49e682acdbd0f2f88407",
)
[src/main.rs:48 2022-11-02T22:02:48][INFO] - Starting Autmc
[src/auth.rs:421 2022-11-02T22:02:48][DEBUG] - Minecraft Token Valid.
[src/auth.rs:387 2022-11-02T22:02:48][INFO] - Added and activated account: Some(
    "c2d376b74b6d49e682acdbd0f2f88407",
)
